Using pre-set license
Built from '2020.3/release' branch; Version is '2020.3.7f1 (dd97f2c94397) revision 14522354'; Using compiler version '192528614'; Build Type 'Release'
OS: 'Windows 10 Enterprise; OS build 19041.1415; Version 2004; 64bit' Language: 'en' Physical Memory: 32683 MB
BatchMode: 1, IsHumanControllingUs: 0, StartBugReporterOnCrash: 0, Is64bit: 1, IsPro: 0

 COMMAND LINE ARGUMENTS:
C:\Program Files\Unity\Editor\Unity.exe
-adb2
-batchMode
-noUpm
-name
AssetImportWorker0
-projectPath
C:/Users/nradonic/Documents/AsteroidsAttempt2Sad
-logFile
Logs/AssetImportWorker0.log
-srvPort
65043
Successfully changed project path to: C:/Users/nradonic/Documents/AsteroidsAttempt2Sad
C:/Users/nradonic/Documents/AsteroidsAttempt2Sad
Using Asset Import Pipeline V2.
Refreshing native plugins compatible for Editor in 24.57 ms, found 0 plugins.
Preloading 0 native plugins for Editor in 0.00 ms.
Initialize engine version: 2020.3.7f1 (dd97f2c94397)
[Subsystems] Discovering subsystems at path C:/Program Files/Unity/Editor/Data/Resources/UnitySubsystems
[Subsystems] Discovering subsystems at path C:/Users/nradonic/Documents/AsteroidsAttempt2Sad/Assets
GfxDevice: creating device client; threaded=0
Direct3D:
    Version:  Direct3D 11.0 [level 11.1]
    Renderer: NVIDIA GeForce GTX 980 (ID=0x13c0)
    Vendor:   
    VRAM:     4053 MB
    Driver:   27.21.14.5671
Initialize mono
Mono path[0] = 'C:/Program Files/Unity/Editor/Data/Managed'
Mono path[1] = 'C:/Program Files/Unity/Editor/Data/MonoBleedingEdge/lib/mono/unityjit'
Mono config path = 'C:/Program Files/Unity/Editor/Data/MonoBleedingEdge/etc'
Using monoOptions --debugger-agent=transport=dt_socket,embedding=1,server=y,suspend=n,address=127.0.0.1:56032
Begin MonoManager ReloadAssembly
Registering precompiled unity dll's ...
Register platform support module: C:/Program Files/Unity/Editor/Data/PlaybackEngines/WindowsStandaloneSupport/UnityEditor.WindowsStandalone.Extensions.dll
Registered in 0.001852 seconds.
Native extension for WindowsStandalone target not found
Refreshing native plugins compatible for Editor in 23.30 ms, found 0 plugins.
Preloading 0 native plugins for Editor in 0.00 ms.
Mono: successfully reloaded assembly
- Completed reload, in  1.267 seconds
Platform modules already initialized, skipping
Registering precompiled user dll's ...
Registered in 0.000897 seconds.
Begin MonoManager ReloadAssembly
Native extension for WindowsStandalone target not found
Refreshing native plugins compatible for Editor in 0.19 ms, found 0 plugins.
Preloading 0 native plugins for Editor in 0.00 ms.
Mono: successfully reloaded assembly
- Completed reload, in  0.876 seconds
Platform modules already initialized, skipping
========================================================================
Worker process is ready to serve import requests
Launched and connected shader compiler UnityShaderCompiler.exe after 0.08 seconds
Refreshing native plugins compatible for Editor in 0.25 ms, found 0 plugins.
Preloading 0 native plugins for Editor in 0.00 ms.
Unloading 1115 Unused Serialized files (Serialized files now loaded: 0)
System memory in use before: 57.0 MB.
System memory in use after: 57.1 MB.

Unloading 10 unused Assets to reduce memory usage. Loaded Objects now: 1557.
Total: 2.125600 ms (FindLiveObjects: 0.176500 ms CreateObjectMapping: 0.042600 ms MarkObjects: 1.824400 ms  DeleteObjects: 0.080700 ms)

========================================================================
Received Import Request.
  path: Assets
  artifactKey: Guid(00000000000000001000000000000000) Importer(815301076,1909f56bfc062723c751e8b465ee728b)
Start importing Assets using Guid(00000000000000001000000000000000) Importer(815301076,1909f56bfc062723c751e8b465ee728b)  -> (artifact id: '5f6a1853b736837ecfb0820a881449cb') in 0.006440 seconds
  Import took 0.009276 seconds .

========================================================================
Received Import Request.
  Time since last request: 18.325141 seconds.
  path: Assets/AsteroidsVideos.cs
  artifactKey: Guid(67ec31c66a6012b4296f621b0ded6c5f) Importer(815301076,1909f56bfc062723c751e8b465ee728b)
Start importing Assets/AsteroidsVideos.cs using Guid(67ec31c66a6012b4296f621b0ded6c5f) Importer(815301076,1909f56bfc062723c751e8b465ee728b)  -> (artifact id: 'aa32f0f7f38e2d83bc42487ab80f39f4') in 0.052118 seconds
  Import took 0.054628 seconds .

========================================================================
Received Prepare
Registering precompiled user dll's ...
Registered in 0.000939 seconds.
Begin MonoManager ReloadAssembly
Native extension for WindowsStandalone target not found
Refreshing native plugins compatible for Editor in 0.19 ms, found 0 plugins.
Preloading 0 native plugins for Editor in 0.00 ms.
Mono: successfully reloaded assembly
- Completed reload, in  0.800 seconds
Platform modules already initialized, skipping
Refreshing native plugins compatible for Editor in 0.23 ms, found 0 plugins.
Preloading 0 native plugins for Editor in 0.00 ms.
Unloading 1111 Unused Serialized files (Serialized files now loaded: 0)
System memory in use before: 57.0 MB.
System memory in use after: 57.1 MB.

Unloading 5 unused Assets to reduce memory usage. Loaded Objects now: 1561.
Total: 1.884100 ms (FindLiveObjects: 0.169800 ms CreateObjectMapping: 0.034800 ms MarkObjects: 1.582600 ms  DeleteObjects: 0.095500 ms)

========================================================================
Received Import Request.
  Time since last request: 1246.636768 seconds.
  path: Assets/MovementShip.cs
  artifactKey: Guid(8d9634eaeb60848498a54539642e4e7a) Importer(815301076,1909f56bfc062723c751e8b465ee728b)
Start importing Assets/MovementShip.cs using Guid(8d9634eaeb60848498a54539642e4e7a) Importer(815301076,1909f56bfc062723c751e8b465ee728b)  -> (artifact id: '2df9eefa3f066715a3dad1423223cf69') in 0.009059 seconds
  Import took 0.012045 seconds .

========================================================================
Received Prepare
Registering precompiled user dll's ...
Registered in 0.000723 seconds.
Begin MonoManager ReloadAssembly
Native extension for WindowsStandalone target not found
Refreshing native plugins compatible for Editor in 0.19 ms, found 0 plugins.
Preloading 0 native plugins for Editor in 0.00 ms.
Mono: successfully reloaded assembly
- Completed reload, in  0.807 seconds
Platform modules already initialized, skipping
Refreshing native plugins compatible for Editor in 0.29 ms, found 0 plugins.
Preloading 0 native plugins for Editor in 0.00 ms.
Unloading 1112 Unused Serialized files (Serialized files now loaded: 0)
System memory in use before: 57.0 MB.
System memory in use after: 57.1 MB.

Unloading 5 unused Assets to reduce memory usage. Loaded Objects now: 1565.
Total: 2.149100 ms (FindLiveObjects: 0.178800 ms CreateObjectMapping: 0.067000 ms MarkObjects: 1.806800 ms  DeleteObjects: 0.095700 ms)

========================================================================
Received Import Request.
  Time since last request: 12.797119 seconds.
  path: Assets/Boulder.cs
  artifactKey: Guid(f68d5213aec2f4947854d7c3f3c567e9) Importer(815301076,1909f56bfc062723c751e8b465ee728b)
Start importing Assets/Boulder.cs using Guid(f68d5213aec2f4947854d7c3f3c567e9) Importer(815301076,1909f56bfc062723c751e8b465ee728b)  -> (artifact id: '62a00fce04553452e77351420533d4e0') in 0.008939 seconds
  Import took 0.012659 seconds .

========================================================================
Received Prepare
Registering precompiled user dll's ...
Registered in 0.000954 seconds.
Begin MonoManager ReloadAssembly
Native extension for WindowsStandalone target not found
Refreshing native plugins compatible for Editor in 0.50 ms, found 0 plugins.
Preloading 0 native plugins for Editor in 0.00 ms.
Mono: successfully reloaded assembly
- Completed reload, in  0.808 seconds
Platform modules already initialized, skipping
Refreshing native plugins compatible for Editor in 0.18 ms, found 0 plugins.
Preloading 0 native plugins for Editor in 0.00 ms.
Unloading 1113 Unused Serialized files (Serialized files now loaded: 0)
System memory in use before: 57.1 MB.
System memory in use after: 57.1 MB.

Unloading 5 unused Assets to reduce memory usage. Loaded Objects now: 1569.
Total: 2.207700 ms (FindLiveObjects: 0.177400 ms CreateObjectMapping: 0.048500 ms MarkObjects: 1.870700 ms  DeleteObjects: 0.109700 ms)

========================================================================
Received Prepare
Registering precompiled user dll's ...
Registered in 0.001322 seconds.
Begin MonoManager ReloadAssembly
Native extension for WindowsStandalone target not found
Refreshing native plugins compatible for Editor in 0.18 ms, found 0 plugins.
Preloading 0 native plugins for Editor in 0.00 ms.
Mono: successfully reloaded assembly
- Completed reload, in  0.846 seconds
Platform modules already initialized, skipping
Refreshing native plugins compatible for Editor in 0.19 ms, found 0 plugins.
Preloading 0 native plugins for Editor in 0.00 ms.
Unloading 1112 Unused Serialized files (Serialized files now loaded: 0)
System memory in use before: 57.1 MB.
System memory in use after: 57.1 MB.

Unloading 6 unused Assets to reduce memory usage. Loaded Objects now: 1571.
Total: 1.692100 ms (FindLiveObjects: 0.149200 ms CreateObjectMapping: 0.041100 ms MarkObjects: 1.446300 ms  DeleteObjects: 0.054000 ms)

========================================================================
Received Import Request.
  Time since last request: 39.062822 seconds.
  path: Assets/GameManager.cs
  artifactKey: Guid(6b010a356cd6cc744883b7058cc20d0b) Importer(815301076,1909f56bfc062723c751e8b465ee728b)
Start importing Assets/GameManager.cs using Guid(6b010a356cd6cc744883b7058cc20d0b) Importer(815301076,1909f56bfc062723c751e8b465ee728b)  -> (artifact id: '3a9accbe36edfacb9303c09dfad06d55') in 0.005630 seconds
  Import took 0.008592 seconds .

========================================================================
Received Prepare
Registering precompiled user dll's ...
Registered in 0.000839 seconds.
Begin MonoManager ReloadAssembly
Native extension for WindowsStandalone target not found
Refreshing native plugins compatible for Editor in 0.19 ms, found 0 plugins.
Preloading 0 native plugins for Editor in 0.00 ms.
Mono: successfully reloaded assembly
- Completed reload, in  0.792 seconds
Platform modules already initialized, skipping
Refreshing native plugins compatible for Editor in 0.19 ms, found 0 plugins.
Preloading 0 native plugins for Editor in 0.00 ms.
Unloading 1113 Unused Serialized files (Serialized files now loaded: 0)
System memory in use before: 57.1 MB.
System memory in use after: 57.2 MB.

Unloading 5 unused Assets to reduce memory usage. Loaded Objects now: 1575.
Total: 2.575300 ms (FindLiveObjects: 0.262000 ms CreateObjectMapping: 0.069900 ms MarkObjects: 2.138900 ms  DeleteObjects: 0.102800 ms)

========================================================================
Received Prepare
Registering precompiled user dll's ...
Registered in 0.001715 seconds.
Begin MonoManager ReloadAssembly
Native extension for WindowsStandalone target not found
Refreshing native plugins compatible for Editor in 0.19 ms, found 0 plugins.
Preloading 0 native plugins for Editor in 0.00 ms.
Mono: successfully reloaded assembly
- Completed reload, in  0.806 seconds
Platform modules already initialized, skipping
Refreshing native plugins compatible for Editor in 0.22 ms, found 0 plugins.
Preloading 0 native plugins for Editor in 0.00 ms.
Unloading 1113 Unused Serialized files (Serialized files now loaded: 0)
System memory in use before: 57.1 MB.
System memory in use after: 57.2 MB.

Unloading 5 unused Assets to reduce memory usage. Loaded Objects now: 1578.
Total: 1.986700 ms (FindLiveObjects: 0.153900 ms CreateObjectMapping: 0.032200 ms MarkObjects: 1.705700 ms  DeleteObjects: 0.093700 ms)

========================================================================
Received Import Request.
  Time since last request: 1356.718435 seconds.
  path: Assets/Ship.cs
  artifactKey: Guid(2cf25310cdd907d428cf6d875496c366) Importer(815301076,1909f56bfc062723c751e8b465ee728b)
Start importing Assets/Ship.cs using Guid(2cf25310cdd907d428cf6d875496c366) Importer(815301076,1909f56bfc062723c751e8b465ee728b)  -> (artifact id: '2e1ae8eb3241cc94b951a25d57706594') in 0.009744 seconds
  Import took 0.013676 seconds .

========================================================================
Received Prepare
Registering precompiled user dll's ...
Registered in 0.000819 seconds.
Begin MonoManager ReloadAssembly
Native extension for WindowsStandalone target not found
Refreshing native plugins compatible for Editor in 0.19 ms, found 0 plugins.
Preloading 0 native plugins for Editor in 0.00 ms.
Mono: successfully reloaded assembly
- Completed reload, in  0.855 seconds
Platform modules already initialized, skipping
Refreshing native plugins compatible for Editor in 0.18 ms, found 0 plugins.
Preloading 0 native plugins for Editor in 0.00 ms.
Unloading 1114 Unused Serialized files (Serialized files now loaded: 0)
System memory in use before: 57.1 MB.
System memory in use after: 57.2 MB.

Unloading 5 unused Assets to reduce memory usage. Loaded Objects now: 1582.
Total: 2.286100 ms (FindLiveObjects: 0.306000 ms CreateObjectMapping: 0.090300 ms MarkObjects: 1.799200 ms  DeleteObjects: 0.089100 ms)

========================================================================
Received Prepare
Registering precompiled user dll's ...
Registered in 0.000854 seconds.
Begin MonoManager ReloadAssembly
Native extension for WindowsStandalone target not found
Refreshing native plugins compatible for Editor in 0.19 ms, found 0 plugins.
Preloading 0 native plugins for Editor in 0.00 ms.
Mono: successfully reloaded assembly
- Completed reload, in  0.830 seconds
Platform modules already initialized, skipping
Refreshing native plugins compatible for Editor in 0.19 ms, found 0 plugins.
Preloading 0 native plugins for Editor in 0.00 ms.
Unloading 1114 Unused Serialized files (Serialized files now loaded: 0)
System memory in use before: 57.1 MB.
System memory in use after: 57.2 MB.

Unloading 5 unused Assets to reduce memory usage. Loaded Objects now: 1585.
Total: 2.041500 ms (FindLiveObjects: 0.196300 ms CreateObjectMapping: 0.061800 ms MarkObjects: 1.678800 ms  DeleteObjects: 0.103000 ms)

========================================================================
Received Prepare
Registering precompiled user dll's ...
Registered in 0.001151 seconds.
Begin MonoManager ReloadAssembly
Native extension for WindowsStandalone target not found
Refreshing native plugins compatible for Editor in 0.19 ms, found 0 plugins.
Preloading 0 native plugins for Editor in 0.00 ms.
Mono: successfully reloaded assembly
- Completed reload, in  0.814 seconds
Platform modules already initialized, skipping
Refreshing native plugins compatible for Editor in 0.36 ms, found 0 plugins.
Preloading 0 native plugins for Editor in 0.00 ms.
Unloading 1114 Unused Serialized files (Serialized files now loaded: 0)
System memory in use before: 57.1 MB.
System memory in use after: 57.2 MB.

Unloading 5 unused Assets to reduce memory usage. Loaded Objects now: 1588.
Total: 1.878800 ms (FindLiveObjects: 0.244000 ms CreateObjectMapping: 0.064800 ms MarkObjects: 1.471300 ms  DeleteObjects: 0.097700 ms)

========================================================================
Received Prepare
Registering precompiled user dll's ...
Registered in 0.000854 seconds.
Begin MonoManager ReloadAssembly
Native extension for WindowsStandalone target not found
Refreshing native plugins compatible for Editor in 0.20 ms, found 0 plugins.
Preloading 0 native plugins for Editor in 0.00 ms.
Mono: successfully reloaded assembly
- Completed reload, in  0.804 seconds
Platform modules already initialized, skipping
Refreshing native plugins compatible for Editor in 0.19 ms, found 0 plugins.
Preloading 0 native plugins for Editor in 0.00 ms.
Unloading 1120 Unused Serialized files (Serialized files now loaded: 0)
System memory in use before: 57.3 MB.
System memory in use after: 57.3 MB.

Unloading 5 unused Assets to reduce memory usage. Loaded Objects now: 1597.
Total: 1.947300 ms (FindLiveObjects: 0.139600 ms CreateObjectMapping: 0.035700 ms MarkObjects: 1.688700 ms  DeleteObjects: 0.081900 ms)

========================================================================
Received Import Request.
  Time since last request: 892.391448 seconds.
  path: Assets/2D pixel asteroids
  artifactKey: Guid(21d48276fb24156479603d08abc1e55b) Importer(815301076,1909f56bfc062723c751e8b465ee728b)
Start importing Assets/2D pixel asteroids using Guid(21d48276fb24156479603d08abc1e55b) Importer(815301076,1909f56bfc062723c751e8b465ee728b)  -> (artifact id: '838d5d164c0d65355f128c4efa439223') in 0.005409 seconds
  Import took 0.007504 seconds .

========================================================================
Received Import Request.
  Time since last request: 0.003001 seconds.
  path: Assets/2D pixel asteroids
  artifactKey: Guid(21d48276fb24156479603d08abc1e55b) Importer(815301076,1909f56bfc062723c751e8b465ee728b)
Start importing Assets/2D pixel asteroids using Guid(21d48276fb24156479603d08abc1e55b) Importer(815301076,1909f56bfc062723c751e8b465ee728b)  -> (artifact id: '838d5d164c0d65355f128c4efa439223') in 0.004564 seconds
  Import took 0.006693 seconds .

========================================================================
Received Import Request.
  Time since last request: 4.562203 seconds.
  path: Assets/2D pixel asteroids/Prefabs
  artifactKey: Guid(641e76a2d35c1db4ea27469bad005345) Importer(815301076,1909f56bfc062723c751e8b465ee728b)
Start importing Assets/2D pixel asteroids/Prefabs using Guid(641e76a2d35c1db4ea27469bad005345) Importer(815301076,1909f56bfc062723c751e8b465ee728b)  -> (artifact id: 'da362c73dfaf6b8b9045137afa321f4a') in 0.003821 seconds
  Import took 0.005883 seconds .

========================================================================
Received Import Request.
  Time since last request: 0.253005 seconds.
  path: Assets/2D pixel asteroids/Prefabs/AsterBig1.prefab
  artifactKey: Guid(18bb600265b4a4a4fa29f69b9f5b8404) Importer(815301076,1909f56bfc062723c751e8b465ee728b)
Start importing Assets/2D pixel asteroids/Prefabs/AsterBig1.prefab using Guid(18bb600265b4a4a4fa29f69b9f5b8404) Importer(815301076,1909f56bfc062723c751e8b465ee728b)  -> (artifact id: '46f0f852e3d40a80358d0cb0e8a4e562') in 0.124450 seconds
  Import took 0.127229 seconds .

========================================================================
Received Import Request.
  Time since last request: 0.000331 seconds.
  path: Assets/2D pixel asteroids/Prefabs/AsterSmall2.prefab
  artifactKey: Guid(df633265b44cbf44eae676819a0f1900) Importer(815301076,1909f56bfc062723c751e8b465ee728b)
Start importing Assets/2D pixel asteroids/Prefabs/AsterSmall2.prefab using Guid(df633265b44cbf44eae676819a0f1900) Importer(815301076,1909f56bfc062723c751e8b465ee728b)  -> (artifact id: 'ab2de2766da4183132402d920157a4de') in 0.013223 seconds
  Import took 0.015748 seconds .

========================================================================
Received Import Request.
  Time since last request: 0.000378 seconds.
  path: Assets/2D pixel asteroids/Prefabs/AsterSmall6.prefab
  artifactKey: Guid(73d0578dde8635c4db633cbe78f8af97) Importer(815301076,1909f56bfc062723c751e8b465ee728b)
Start importing Assets/2D pixel asteroids/Prefabs/AsterSmall6.prefab using Guid(73d0578dde8635c4db633cbe78f8af97) Importer(815301076,1909f56bfc062723c751e8b465ee728b)  -> (artifact id: 'c52f51f515036ec2974fa0054f436c1b') in 0.020452 seconds
  Import took 0.022743 seconds .

========================================================================
Received Import Request.
  Time since last request: 0.000414 seconds.
  path: Assets/2D pixel asteroids/Prefabs/AsterHuge1.prefab
  artifactKey: Guid(a928b6b7e9852c6429b1e3022b0ca7ed) Importer(815301076,1909f56bfc062723c751e8b465ee728b)
Start importing Assets/2D pixel asteroids/Prefabs/AsterHuge1.prefab using Guid(a928b6b7e9852c6429b1e3022b0ca7ed) Importer(815301076,1909f56bfc062723c751e8b465ee728b)  -> (artifact id: 'e748e3ef263eae920639cb29aefd2111') in 0.018262 seconds
  Import took 0.020911 seconds .

========================================================================
Received Import Request.
  Time since last request: 0.000424 seconds.
  path: Assets/2D pixel asteroids/Prefabs/AsterMed1.prefab
  artifactKey: Guid(ae4d463454dcd3f4f8546cef1366ff03) Importer(815301076,1909f56bfc062723c751e8b465ee728b)
Start importing Assets/2D pixel asteroids/Prefabs/AsterMed1.prefab using Guid(ae4d463454dcd3f4f8546cef1366ff03) Importer(815301076,1909f56bfc062723c751e8b465ee728b)  -> (artifact id: '576bfe2450a85659ce5e62b9296b0493') in 0.015588 seconds
  Import took 0.018247 seconds .

========================================================================
Received Import Request.
  Time since last request: 0.000381 seconds.
  path: Assets/2D pixel asteroids/Prefabs/AsterBig4.prefab
  artifactKey: Guid(0d18f1a7832f6a44fa77efb30bde703e) Importer(815301076,1909f56bfc062723c751e8b465ee728b)
Start importing Assets/2D pixel asteroids/Prefabs/AsterBig4.prefab using Guid(0d18f1a7832f6a44fa77efb30bde703e) Importer(815301076,1909f56bfc062723c751e8b465ee728b)  -> (artifact id: 'f62467675aef0b00e29201491cc02352') in 0.014162 seconds
  Import took 0.016810 seconds .

========================================================================
Received Import Request.
  Time since last request: 0.000489 seconds.
  path: Assets/2D pixel asteroids/Prefabs/AsterBig2.prefab
  artifactKey: Guid(5c3659959ebb30a489d7eef3009f8afc) Importer(815301076,1909f56bfc062723c751e8b465ee728b)
Start importing Assets/2D pixel asteroids/Prefabs/AsterBig2.prefab using Guid(5c3659959ebb30a489d7eef3009f8afc) Importer(815301076,1909f56bfc062723c751e8b465ee728b)  -> (artifact id: 'be24218f2ea3c94f4f2e893036159e0c') in 0.022467 seconds
  Import took 0.026721 seconds .

========================================================================
Received Import Request.
  Time since last request: 0.000371 seconds.
  path: Assets/2D pixel asteroids/Prefabs/AsterSmall3.prefab
  artifactKey: Guid(97fc4a6e44a6aed4a9f7e4f0a4e48bc3) Importer(815301076,1909f56bfc062723c751e8b465ee728b)
Start importing Assets/2D pixel asteroids/Prefabs/AsterSmall3.prefab using Guid(97fc4a6e44a6aed4a9f7e4f0a4e48bc3) Importer(815301076,1909f56bfc062723c751e8b465ee728b)  -> (artifact id: 'a6de8df0ac86cf3607e632318e63f015') in 0.015243 seconds
  Import took 0.017605 seconds .

========================================================================
Received Import Request.
  Time since last request: 0.000310 seconds.
  path: Assets/2D pixel asteroids/Prefabs/AsterHuge2.prefab
  artifactKey: Guid(70c536de7d9d92449ae52a7ff80766e1) Importer(815301076,1909f56bfc062723c751e8b465ee728b)
Start importing Assets/2D pixel asteroids/Prefabs/AsterHuge2.prefab using Guid(70c536de7d9d92449ae52a7ff80766e1) Importer(815301076,1909f56bfc062723c751e8b465ee728b)  -> (artifact id: '33c9b32760ba44e5ef09a42ed16bd362') in 0.015774 seconds
  Import took 0.018385 seconds .

========================================================================
Received Import Request.
  Time since last request: 0.000427 seconds.
  path: Assets/2D pixel asteroids/Prefabs/AsterHuge3.prefab
  artifactKey: Guid(46fd36c0039a3de4e8a017dd1652a1c9) Importer(815301076,1909f56bfc062723c751e8b465ee728b)
Start importing Assets/2D pixel asteroids/Prefabs/AsterHuge3.prefab using Guid(46fd36c0039a3de4e8a017dd1652a1c9) Importer(815301076,1909f56bfc062723c751e8b465ee728b)  -> (artifact id: 'e7a934fb2129fd7323ccd1d6fc7dbe97') in 0.012684 seconds
  Import took 0.015141 seconds .

========================================================================
Received Import Request.
  Time since last request: 0.000362 seconds.
  path: Assets/2D pixel asteroids/Prefabs/AsterMed3.prefab
  artifactKey: Guid(10eda568a7de7e04693212985f98844e) Importer(815301076,1909f56bfc062723c751e8b465ee728b)
Start importing Assets/2D pixel asteroids/Prefabs/AsterMed3.prefab using Guid(10eda568a7de7e04693212985f98844e) Importer(815301076,1909f56bfc062723c751e8b465ee728b)  -> (artifact id: '84c5e036edf58d800e905b14c1f10b47') in 0.015808 seconds
  Import took 0.018619 seconds .

========================================================================
Received Import Request.
  Time since last request: 0.000382 seconds.
  path: Assets/2D pixel asteroids/Prefabs/AsterSmall4.prefab
  artifactKey: Guid(04d0e694d442538469994e2367f412b4) Importer(815301076,1909f56bfc062723c751e8b465ee728b)
Start importing Assets/2D pixel asteroids/Prefabs/AsterSmall4.prefab using Guid(04d0e694d442538469994e2367f412b4) Importer(815301076,1909f56bfc062723c751e8b465ee728b)  -> (artifact id: '6f8920dc7d8f976e4f72e2bb4130d295') in 0.011771 seconds
  Import took 0.014520 seconds .

========================================================================
Received Import Request.
  Time since last request: 0.000298 seconds.
  path: Assets/2D pixel asteroids/Prefabs/AsterMed4.prefab
  artifactKey: Guid(a4f6c7d73f99033429f262bcba1bdeb8) Importer(815301076,1909f56bfc062723c751e8b465ee728b)
Start importing Assets/2D pixel asteroids/Prefabs/AsterMed4.prefab using Guid(a4f6c7d73f99033429f262bcba1bdeb8) Importer(815301076,1909f56bfc062723c751e8b465ee728b)  -> (artifact id: 'f34772529eb6f73cf4bb1a157cfdde95') in 0.012104 seconds
  Import took 0.014552 seconds .

========================================================================
Received Import Request.
  Time since last request: 0.000392 seconds.
  path: Assets/2D pixel asteroids/Prefabs/AsterSmall5.prefab
  artifactKey: Guid(7e73d8cc1e09492498f76df02fb52fbf) Importer(815301076,1909f56bfc062723c751e8b465ee728b)
Start importing Assets/2D pixel asteroids/Prefabs/AsterSmall5.prefab using Guid(7e73d8cc1e09492498f76df02fb52fbf) Importer(815301076,1909f56bfc062723c751e8b465ee728b)  -> (artifact id: 'ee7ca81de4ae407c3ac1a08132476042') in 0.012179 seconds
  Import took 0.014753 seconds .

========================================================================
Received Import Request.
  Time since last request: 0.000353 seconds.
  path: Assets/2D pixel asteroids/Prefabs/AsterSmall1.prefab
  artifactKey: Guid(0b41583a19866d64b9483e371372b152) Importer(815301076,1909f56bfc062723c751e8b465ee728b)
Start importing Assets/2D pixel asteroids/Prefabs/AsterSmall1.prefab using Guid(0b41583a19866d64b9483e371372b152) Importer(815301076,1909f56bfc062723c751e8b465ee728b)  -> (artifact id: 'f46dc32932ab87efc4afc2b7216d65a4') in 0.011059 seconds
  Import took 0.013148 seconds .

========================================================================
Received Import Request.
  Time since last request: 0.000389 seconds.
  path: Assets/2D pixel asteroids/Prefabs/AsterMed2.prefab
  artifactKey: Guid(a605a9cb8e6a23444baef3434392fdb5) Importer(815301076,1909f56bfc062723c751e8b465ee728b)
Start importing Assets/2D pixel asteroids/Prefabs/AsterMed2.prefab using Guid(a605a9cb8e6a23444baef3434392fdb5) Importer(815301076,1909f56bfc062723c751e8b465ee728b)  -> (artifact id: 'b2cf6692a07208108f759d3e904eec7e') in 0.011151 seconds
  Import took 0.013536 seconds .

========================================================================
Received Import Request.
  Time since last request: 0.000348 seconds.
  path: Assets/2D pixel asteroids/Prefabs/AsterBig3.prefab
  artifactKey: Guid(0cc97290e5be8a24a95be78aef2fc1a6) Importer(815301076,1909f56bfc062723c751e8b465ee728b)
Start importing Assets/2D pixel asteroids/Prefabs/AsterBig3.prefab using Guid(0cc97290e5be8a24a95be78aef2fc1a6) Importer(815301076,1909f56bfc062723c751e8b465ee728b)  -> (artifact id: '3989ef12c1f6776421e3187cf106a387') in 0.009981 seconds
  Import took 0.012161 seconds .

========================================================================
Received Import Request.
  Time since last request: 0.000273 seconds.
  path: Assets/2D pixel asteroids/Prefabs/AsterMed5.prefab
  artifactKey: Guid(65ee5b4a801d6d44eb112962bd3246e2) Importer(815301076,1909f56bfc062723c751e8b465ee728b)
Start importing Assets/2D pixel asteroids/Prefabs/AsterMed5.prefab using Guid(65ee5b4a801d6d44eb112962bd3246e2) Importer(815301076,1909f56bfc062723c751e8b465ee728b)  -> (artifact id: '9c89876388ba4a1e1f4281f5978fb32c') in 0.012721 seconds
  Import took 0.015260 seconds .

========================================================================
Received Import Request.
  Time since last request: 4.145115 seconds.
  path: Assets/2D Pixel Spaceships (2 Small Ships + Explosions)
  artifactKey: Guid(a156712fd1332cb498713b13845b8621) Importer(815301076,1909f56bfc062723c751e8b465ee728b)
Start importing Assets/2D Pixel Spaceships (2 Small Ships + Explosions) using Guid(a156712fd1332cb498713b13845b8621) Importer(815301076,1909f56bfc062723c751e8b465ee728b)  -> (artifact id: 'fd38922e188c6281dabd3ff76d2d17e0') in 0.004131 seconds
  Import took 0.007212 seconds .

========================================================================
Received Import Request.
  Time since last request: 1.350850 seconds.
  path: Assets/2D Pixel Spaceships (2 Small Ships + Explosions)/Prefabs
  artifactKey: Guid(1e7ae753ffa08184ca3e3f73cfb45955) Importer(815301076,1909f56bfc062723c751e8b465ee728b)
Start importing Assets/2D Pixel Spaceships (2 Small Ships + Explosions)/Prefabs using Guid(1e7ae753ffa08184ca3e3f73cfb45955) Importer(815301076,1909f56bfc062723c751e8b465ee728b)  -> (artifact id: '7f2f69a283f104a6cf449ec33254b787') in 0.003029 seconds
  Import took 0.005153 seconds .

========================================================================
Received Import Request.
  Time since last request: 0.094934 seconds.
  path: Assets/2D Pixel Spaceships (2 Small Ships + Explosions)/Prefabs/Fireball.prefab
  artifactKey: Guid(d17799e01588538449a360ded5bd038c) Importer(815301076,1909f56bfc062723c751e8b465ee728b)
Start importing Assets/2D Pixel Spaceships (2 Small Ships + Explosions)/Prefabs/Fireball.prefab using Guid(d17799e01588538449a360ded5bd038c) Importer(815301076,1909f56bfc062723c751e8b465ee728b)  -> (artifact id: 'd2dbb1c82855041f33c7e0542e49b1b4') in 0.010315 seconds
  Import took 0.012908 seconds .

========================================================================
Received Import Request.
  Time since last request: 0.000337 seconds.
  path: Assets/2D Pixel Spaceships (2 Small Ships + Explosions)/Prefabs/Ship2.prefab
  artifactKey: Guid(c07ae331f7494a64aa6d24356afebd33) Importer(815301076,1909f56bfc062723c751e8b465ee728b)
Start importing Assets/2D Pixel Spaceships (2 Small Ships + Explosions)/Prefabs/Ship2.prefab using Guid(c07ae331f7494a64aa6d24356afebd33) Importer(815301076,1909f56bfc062723c751e8b465ee728b)  -> (artifact id: 'e7e88cb60188067e2b36c740e7c9e78b') in 0.020043 seconds
  Import took 0.022562 seconds .

========================================================================
Received Import Request.
  Time since last request: 0.000512 seconds.
  path: Assets/2D Pixel Spaceships (2 Small Ships + Explosions)/Prefabs/Ship1.prefab
  artifactKey: Guid(1a09f406e15243042af8595d756fcfe9) Importer(815301076,1909f56bfc062723c751e8b465ee728b)
Start importing Assets/2D Pixel Spaceships (2 Small Ships + Explosions)/Prefabs/Ship1.prefab using Guid(1a09f406e15243042af8595d756fcfe9) Importer(815301076,1909f56bfc062723c751e8b465ee728b)  -> (artifact id: '2a83c5e4232b11503c727672aec2b715') in 0.013510 seconds
  Import took 0.016624 seconds .

========================================================================
Received Import Request.
  Time since last request: 0.000464 seconds.
  path: Assets/2D Pixel Spaceships (2 Small Ships + Explosions)/Prefabs/FlameSmall.prefab
  artifactKey: Guid(7baa347ea8e001e48bb257a28057c6e8) Importer(815301076,1909f56bfc062723c751e8b465ee728b)
Start importing Assets/2D Pixel Spaceships (2 Small Ships + Explosions)/Prefabs/FlameSmall.prefab using Guid(7baa347ea8e001e48bb257a28057c6e8) Importer(815301076,1909f56bfc062723c751e8b465ee728b)  -> (artifact id: 'e6f9eef5ebd8f25da11fa32a2f1abf7c') in 0.013800 seconds
  Import took 0.017233 seconds .

========================================================================
Received Import Request.
  Time since last request: 7.745927 seconds.
  path: Assets/2D Pixel Spaceships (2 Small Ships + Explosions)/Sprites
  artifactKey: Guid(585b35ba8190bbe4999e59bd92be565a) Importer(815301076,1909f56bfc062723c751e8b465ee728b)
Start importing Assets/2D Pixel Spaceships (2 Small Ships + Explosions)/Sprites using Guid(585b35ba8190bbe4999e59bd92be565a) Importer(815301076,1909f56bfc062723c751e8b465ee728b)  -> (artifact id: 'f6ee6fa4ce252afca856d0e2df3cc137') in 0.004160 seconds
  Import took 0.006503 seconds .

========================================================================
Received Import Request.
  Time since last request: 0.110902 seconds.
  path: Assets/2D Pixel Spaceships (2 Small Ships + Explosions)/Sprites/fireball-flames.png
  artifactKey: Guid(d7602b5e04745f74b8a23ea2ecaf9550) Importer(815301076,1909f56bfc062723c751e8b465ee728b)
Start importing Assets/2D Pixel Spaceships (2 Small Ships + Explosions)/Sprites/fireball-flames.png using Guid(d7602b5e04745f74b8a23ea2ecaf9550) Importer(815301076,1909f56bfc062723c751e8b465ee728b)  -> (artifact id: '82101e38b6f86bb573cfd4eb3a99db25') in 0.044292 seconds
  Import took 0.046366 seconds .

========================================================================
Received Import Request.
  Time since last request: 0.000417 seconds.
  path: Assets/2D Pixel Spaceships (2 Small Ships + Explosions)/Sprites/ship1.png
  artifactKey: Guid(bf8ddafe189b90247b484ca8b8e3ceca) Importer(815301076,1909f56bfc062723c751e8b465ee728b)
Start importing Assets/2D Pixel Spaceships (2 Small Ships + Explosions)/Sprites/ship1.png using Guid(bf8ddafe189b90247b484ca8b8e3ceca) Importer(815301076,1909f56bfc062723c751e8b465ee728b)  -> (artifact id: '083809be0c9d2d25c92409188d522d72') in 0.037453 seconds
  Import took 0.040092 seconds .

========================================================================
Received Import Request.
  Time since last request: 0.000406 seconds.
  path: Assets/2D Pixel Spaceships (2 Small Ships + Explosions)/Sprites/frame.png
  artifactKey: Guid(4042aa6c69861a148a1f1f90c8435b85) Importer(815301076,1909f56bfc062723c751e8b465ee728b)
Start importing Assets/2D Pixel Spaceships (2 Small Ships + Explosions)/Sprites/frame.png using Guid(4042aa6c69861a148a1f1f90c8435b85) Importer(815301076,1909f56bfc062723c751e8b465ee728b)  -> (artifact id: 'd7198d954600abe877d3b49ec496a2c0') in 0.013890 seconds
  Import took 0.016359 seconds .

========================================================================
Received Import Request.
  Time since last request: 0.000337 seconds.
  path: Assets/2D Pixel Spaceships (2 Small Ships + Explosions)/Sprites/ship1.png
  artifactKey: Guid(bf8ddafe189b90247b484ca8b8e3ceca) Importer(815301076,1909f56bfc062723c751e8b465ee728b)
Start importing Assets/2D Pixel Spaceships (2 Small Ships + Explosions)/Sprites/ship1.png using Guid(bf8ddafe189b90247b484ca8b8e3ceca) Importer(815301076,1909f56bfc062723c751e8b465ee728b)  -> (artifact id: '083809be0c9d2d25c92409188d522d72') in 0.033955 seconds
  Import took 0.036003 seconds .

========================================================================
Received Import Request.
  Time since last request: 0.000423 seconds.
  path: Assets/2D Pixel Spaceships (2 Small Ships + Explosions)/Sprites/ship2.png
  artifactKey: Guid(5106a46d68e88094283508a4020fef2d) Importer(815301076,1909f56bfc062723c751e8b465ee728b)
Start importing Assets/2D Pixel Spaceships (2 Small Ships + Explosions)/Sprites/ship2.png using Guid(5106a46d68e88094283508a4020fef2d) Importer(815301076,1909f56bfc062723c751e8b465ee728b)  -> (artifact id: '1d50fb6dfff65ad2a295ec666f18010c') in 0.035074 seconds
  Import took 0.036935 seconds .

========================================================================
Received Import Request.
  Time since last request: 255.413150 seconds.
  path: Assets/Ship.cs
  artifactKey: Guid(2cf25310cdd907d428cf6d875496c366) Importer(815301076,1909f56bfc062723c751e8b465ee728b)
Start importing Assets/Ship.cs using Guid(2cf25310cdd907d428cf6d875496c366) Importer(815301076,1909f56bfc062723c751e8b465ee728b)  -> (artifact id: 'ad8f08b0a2dfc139de032dccd7c013e2') in 0.004869 seconds
  Import took 0.008116 seconds .

========================================================================
Received Prepare
Registering precompiled user dll's ...
Registered in 0.001129 seconds.
Begin MonoManager ReloadAssembly
Native extension for WindowsStandalone target not found
Refreshing native plugins compatible for Editor in 0.32 ms, found 0 plugins.
Preloading 0 native plugins for Editor in 0.00 ms.
Mono: successfully reloaded assembly
- Completed reload, in  1.014 seconds
Platform modules already initialized, skipping
Refreshing native plugins compatible for Editor in 0.19 ms, found 0 plugins.
Preloading 0 native plugins for Editor in 0.00 ms.
Unloading 1120 Unused Serialized files (Serialized files now loaded: 0)
System memory in use before: 60.5 MB.
System memory in use after: 60.6 MB.

Unloading 5 unused Assets to reduce memory usage. Loaded Objects now: 1621.
Total: 2.227100 ms (FindLiveObjects: 0.274700 ms CreateObjectMapping: 0.071700 ms MarkObjects: 1.819300 ms  DeleteObjects: 0.059700 ms)

========================================================================
Received Import Request.
  Time since last request: 29.079626 seconds.
  path: Assets/ShipPreFab
  artifactKey: Guid(4b8a09ef5fdf02742ba80ccc8298bb27) Importer(815301076,1909f56bfc062723c751e8b465ee728b)
Start importing Assets/ShipPreFab using Guid(4b8a09ef5fdf02742ba80ccc8298bb27) Importer(815301076,1909f56bfc062723c751e8b465ee728b)  -> (artifact id: 'e7120cbf848862428f96d1ef27e3cd47') in 0.006725 seconds
  Import took 0.009478 seconds .

========================================================================
Received Import Request.
  Time since last request: 14.909129 seconds.
  path: Assets/AsteroidsVideos.cs
  artifactKey: Guid(67ec31c66a6012b4296f621b0ded6c5f) Importer(815301076,1909f56bfc062723c751e8b465ee728b)
Start importing Assets/AsteroidsVideos.cs using Guid(67ec31c66a6012b4296f621b0ded6c5f) Importer(815301076,1909f56bfc062723c751e8b465ee728b)  -> (artifact id: '734cda3c14d79acdb83553b239831be6') in 0.002856 seconds
  Import took 0.005168 seconds .

========================================================================
Received Prepare
Registering precompiled user dll's ...
Registered in 0.000834 seconds.
Begin MonoManager ReloadAssembly
Native extension for WindowsStandalone target not found
Refreshing native plugins compatible for Editor in 0.21 ms, found 0 plugins.
Preloading 0 native plugins for Editor in 0.00 ms.
Mono: successfully reloaded assembly
- Completed reload, in  0.809 seconds
Platform modules already initialized, skipping
Refreshing native plugins compatible for Editor in 0.22 ms, found 0 plugins.
Preloading 0 native plugins for Editor in 0.00 ms.
Unloading 1120 Unused Serialized files (Serialized files now loaded: 0)
System memory in use before: 60.5 MB.
System memory in use after: 60.6 MB.

Unloading 5 unused Assets to reduce memory usage. Loaded Objects now: 1624.
Total: 1.737700 ms (FindLiveObjects: 0.258600 ms CreateObjectMapping: 0.037200 ms MarkObjects: 1.338900 ms  DeleteObjects: 0.102200 ms)

========================================================================
Received Import Request.
  Time since last request: 669.974794 seconds.
  path: Assets/Ship.cs
  artifactKey: Guid(2cf25310cdd907d428cf6d875496c366) Importer(815301076,1909f56bfc062723c751e8b465ee728b)
Start importing Assets/Ship.cs using Guid(2cf25310cdd907d428cf6d875496c366) Importer(815301076,1909f56bfc062723c751e8b465ee728b)  -> (artifact id: '26f61d520352bfada604d5e91d135039') in 0.011053 seconds
  Import took 0.014954 seconds .

========================================================================
Received Import Request.
  Time since last request: 895.555535 seconds.
  path: Assets/ShipPreFab/ship1_0.prefab
  artifactKey: Guid(4d1c8036db12ef940b55e238a3cf168e) Importer(815301076,1909f56bfc062723c751e8b465ee728b)
Start importing Assets/ShipPreFab/ship1_0.prefab using Guid(4d1c8036db12ef940b55e238a3cf168e) Importer(815301076,1909f56bfc062723c751e8b465ee728b)  -> (artifact id: '6a38c6e24742d6c53870aa2102250dbd') in 0.063947 seconds
  Import took 0.066929 seconds .

========================================================================
Received Import Request.
  Time since last request: 21.249563 seconds.
  path: Assets/AsteroidPreFab
  artifactKey: Guid(7f44eae613d2da2438e6054db6954ec8) Importer(815301076,1909f56bfc062723c751e8b465ee728b)
Start importing Assets/AsteroidPreFab using Guid(7f44eae613d2da2438e6054db6954ec8) Importer(815301076,1909f56bfc062723c751e8b465ee728b)  -> (artifact id: 'ebec01a2e44b87fb72bd09b727c843e7') in 0.004029 seconds
  Import took 0.007146 seconds .

========================================================================
Received Import Request.
  Time since last request: 6.866942 seconds.
  path: Assets/2D pixel asteroids/Sprites
  artifactKey: Guid(8e7ea4f362b36c140a3a28930ccd6ab8) Importer(815301076,1909f56bfc062723c751e8b465ee728b)
Start importing Assets/2D pixel asteroids/Sprites using Guid(8e7ea4f362b36c140a3a28930ccd6ab8) Importer(815301076,1909f56bfc062723c751e8b465ee728b)  -> (artifact id: '12d8180216892b566d7c55d4d877a86d') in 0.002652 seconds
  Import took 0.004688 seconds .

========================================================================
Received Import Request.
  Time since last request: 0.113913 seconds.
  path: Assets/2D pixel asteroids/Sprites/asteroids.png
  artifactKey: Guid(1bd6c74c058d5f143a391104c445e845) Importer(815301076,1909f56bfc062723c751e8b465ee728b)
Start importing Assets/2D pixel asteroids/Sprites/asteroids.png using Guid(1bd6c74c058d5f143a391104c445e845) Importer(815301076,1909f56bfc062723c751e8b465ee728b)  -> (artifact id: '7e9beaa00a18dd8b69771573e14702cb') in 0.077477 seconds
  Import took 0.080044 seconds .

========================================================================
Received Import Request.
  Time since last request: 90.811194 seconds.
  path: Assets/2D Pixel Spaceships (2 Small Ships + Explosions)/Animation
  artifactKey: Guid(ad83f6885a804944588efd79fa2c9f3c) Importer(815301076,1909f56bfc062723c751e8b465ee728b)
Start importing Assets/2D Pixel Spaceships (2 Small Ships + Explosions)/Animation using Guid(ad83f6885a804944588efd79fa2c9f3c) Importer(815301076,1909f56bfc062723c751e8b465ee728b)  -> (artifact id: 'f28102d7701741731efb92bb17ee491b') in 0.003691 seconds
  Import took 0.005935 seconds .

========================================================================
Received Import Request.
  Time since last request: 1.228964 seconds.
  path: Assets/2D Pixel Spaceships (2 Small Ships + Explosions)/Scripts
  artifactKey: Guid(c31ca9d516344e94bbcb2547d6d3678f) Importer(815301076,1909f56bfc062723c751e8b465ee728b)
Start importing Assets/2D Pixel Spaceships (2 Small Ships + Explosions)/Scripts using Guid(c31ca9d516344e94bbcb2547d6d3678f) Importer(815301076,1909f56bfc062723c751e8b465ee728b)  -> (artifact id: '0dc98d72b499d4c15e351ec387724f96') in 0.003163 seconds
  Import took 0.005116 seconds .

========================================================================
Received Import Request.
  Time since last request: 15.013192 seconds.
  path: Assets/2D Pixel Spaceships (2 Small Ships + Explosions)/Animation/Ship2.overrideController
  artifactKey: Guid(5843ea11d1f2baa4baa19e27989fc8bd) Importer(815301076,1909f56bfc062723c751e8b465ee728b)
Start importing Assets/2D Pixel Spaceships (2 Small Ships + Explosions)/Animation/Ship2.overrideController using Guid(5843ea11d1f2baa4baa19e27989fc8bd) Importer(815301076,1909f56bfc062723c751e8b465ee728b)  -> (artifact id: 'bfcf7f3cad5c55cfceac05ad735842d1') in 0.016566 seconds
  Import took 0.023266 seconds .

========================================================================
Received Import Request.
  Time since last request: 9.191184 seconds.
  path: Assets/Scenes
  artifactKey: Guid(043e8c154be1f8f4abe01472b1d6c397) Importer(815301076,1909f56bfc062723c751e8b465ee728b)
Start importing Assets/Scenes using Guid(043e8c154be1f8f4abe01472b1d6c397) Importer(815301076,1909f56bfc062723c751e8b465ee728b)  -> (artifact id: '04d4c5b6961975f784a42f45a05b0217') in 0.003496 seconds
  Import took 0.005676 seconds .

========================================================================
Received Import Request.
  Time since last request: 2.783627 seconds.
  path: Assets/Scenes/SampleScene.unity
  artifactKey: Guid(9fc0d4010bbf28b4594072e72b8655ab) Importer(815301076,1909f56bfc062723c751e8b465ee728b)
Start importing Assets/Scenes/SampleScene.unity using Guid(9fc0d4010bbf28b4594072e72b8655ab) Importer(815301076,1909f56bfc062723c751e8b465ee728b)  -> (artifact id: '73375568fee951cd03f03eadad72722f') in 0.003462 seconds
  Import took 0.005578 seconds .

========================================================================
Received Import Request.
  Time since last request: 0.945148 seconds.
  path: Assets/Scenes/Asteroids.unity
  artifactKey: Guid(604a408f53b9df14e8c2488897bc2a2d) Importer(815301076,1909f56bfc062723c751e8b465ee728b)
Start importing Assets/Scenes/Asteroids.unity using Guid(604a408f53b9df14e8c2488897bc2a2d) Importer(815301076,1909f56bfc062723c751e8b465ee728b)  -> (artifact id: '9bde7bde3d57d6793926af96153a12f6') in 0.003761 seconds
  Import took 0.006076 seconds .

========================================================================
Received Import Request.
  Time since last request: 5.917130 seconds.
  path: Assets/Scenes/Asteroids.unity
  artifactKey: Guid(604a408f53b9df14e8c2488897bc2a2d) Importer(815301076,1909f56bfc062723c751e8b465ee728b)
Start importing Assets/Scenes/Asteroids.unity using Guid(604a408f53b9df14e8c2488897bc2a2d) Importer(815301076,1909f56bfc062723c751e8b465ee728b)  -> (artifact id: '6f685a13c3f8ad4e78dade2fc0c1020f') in 0.003286 seconds
  Import took 0.005894 seconds .

========================================================================
Received Import Request.
  Time since last request: 39.094333 seconds.
  path: Assets/Ship.cs
  artifactKey: Guid(2cf25310cdd907d428cf6d875496c366) Importer(815301076,1909f56bfc062723c751e8b465ee728b)
Start importing Assets/Ship.cs using Guid(2cf25310cdd907d428cf6d875496c366) Importer(815301076,1909f56bfc062723c751e8b465ee728b)  -> (artifact id: '7a1f1685557ada9d46e5b59e51fdd408') in 0.003134 seconds
  Import took 0.005951 seconds .

========================================================================
Received Prepare
Registering precompiled user dll's ...
Registered in 0.001076 seconds.
Begin MonoManager ReloadAssembly
Native extension for WindowsStandalone target not found
Refreshing native plugins compatible for Editor in 0.26 ms, found 0 plugins.
Preloading 0 native plugins for Editor in 0.00 ms.
Mono: successfully reloaded assembly
- Completed reload, in  0.869 seconds
Platform modules already initialized, skipping
Refreshing native plugins compatible for Editor in 0.24 ms, found 0 plugins.
Preloading 0 native plugins for Editor in 0.00 ms.
Unloading 1120 Unused Serialized files (Serialized files now loaded: 0)
System memory in use before: 60.6 MB.
System memory in use after: 60.6 MB.

Unloading 5 unused Assets to reduce memory usage. Loaded Objects now: 1665.
Total: 3.292000 ms (FindLiveObjects: 0.662600 ms CreateObjectMapping: 0.084600 ms MarkObjects: 2.421000 ms  DeleteObjects: 0.121800 ms)

========================================================================
Received Import Request.
  Time since last request: 34.842838 seconds.
  path: Assets/Ship.cs
  artifactKey: Guid(2cf25310cdd907d428cf6d875496c366) Importer(815301076,1909f56bfc062723c751e8b465ee728b)
Start importing Assets/Ship.cs using Guid(2cf25310cdd907d428cf6d875496c366) Importer(815301076,1909f56bfc062723c751e8b465ee728b)  -> (artifact id: 'a63ef6c262768d7a7670816aafdc4ff4') in 0.004620 seconds
  Import took 0.006819 seconds .

========================================================================
Received Prepare
Registering precompiled user dll's ...
Registered in 0.001116 seconds.
Begin MonoManager ReloadAssembly
Native extension for WindowsStandalone target not found
Refreshing native plugins compatible for Editor in 0.42 ms, found 0 plugins.
Preloading 0 native plugins for Editor in 0.00 ms.
Mono: successfully reloaded assembly
- Completed reload, in  0.841 seconds
Platform modules already initialized, skipping
Refreshing native plugins compatible for Editor in 0.19 ms, found 0 plugins.
Preloading 0 native plugins for Editor in 0.00 ms.
Unloading 1120 Unused Serialized files (Serialized files now loaded: 0)
System memory in use before: 60.6 MB.
System memory in use after: 60.6 MB.

Unloading 5 unused Assets to reduce memory usage. Loaded Objects now: 1668.
Total: 2.142400 ms (FindLiveObjects: 0.166400 ms CreateObjectMapping: 0.042600 ms MarkObjects: 1.861100 ms  DeleteObjects: 0.070500 ms)

========================================================================
Received Import Request.
  Time since last request: 29.374438 seconds.
  path: Assets/Ship.cs
  artifactKey: Guid(2cf25310cdd907d428cf6d875496c366) Importer(815301076,1909f56bfc062723c751e8b465ee728b)
Start importing Assets/Ship.cs using Guid(2cf25310cdd907d428cf6d875496c366) Importer(815301076,1909f56bfc062723c751e8b465ee728b)  -> (artifact id: '441fa52c391bd059e19938fa32189f38') in 0.004467 seconds
  Import took 0.006811 seconds .

========================================================================
Received Prepare
Registering precompiled user dll's ...
Registered in 0.000786 seconds.
Begin MonoManager ReloadAssembly
Native extension for WindowsStandalone target not found
Refreshing native plugins compatible for Editor in 0.21 ms, found 0 plugins.
Preloading 0 native plugins for Editor in 0.00 ms.
Mono: successfully reloaded assembly
- Completed reload, in  0.795 seconds
Platform modules already initialized, skipping
Refreshing native plugins compatible for Editor in 0.19 ms, found 0 plugins.
Preloading 0 native plugins for Editor in 0.00 ms.
Unloading 1120 Unused Serialized files (Serialized files now loaded: 0)
System memory in use before: 60.6 MB.
System memory in use after: 60.7 MB.

Unloading 5 unused Assets to reduce memory usage. Loaded Objects now: 1671.
Total: 2.476800 ms (FindLiveObjects: 0.168700 ms CreateObjectMapping: 0.077600 ms MarkObjects: 2.145500 ms  DeleteObjects: 0.083700 ms)

AssetImportWorkerClient::OnTransportError - code=2 error=End of file
